JVM info: Red Hat, Inc. - 21.0.8 - 21.0.8+9
java.net.preferIPv4Stack=true
Current Time: 20/08/2025 21:33:26
Host: maven.neoforged.net [185.93.2.9, 185.93.2.12, 79.127.178.168, 79.127.178.161]
Host: libraries.minecraft.net [13.107.253.42]
Host: launchermeta.mojang.com [13.107.246.76]
Host: piston-meta.mojang.com [13.107.253.42]
Host: sessionserver.mojang.com [13.107.246.76]
Found java version 21.0.8
Target Directory: /tmp/a
Following redirect: https://neoforged.net/mirrorlist.json
Considering Minecraft server jar
Downloading libraries
Found 0 additional library directories
Considering library net.neoforged.fancymodloader:earlydisplay:9.0.16
File /tmp/a/libraries/net/neoforged/fancymodloader/earlydisplay/9.0.16/earlydisplay-9.0.16.jar exists. Checksum valid.
Considering library net.neoforged.fancymodloader:loader:9.0.16
File /tmp/a/libraries/net/neoforged/fancymodloader/loader/9.0.16/loader-9.0.16.jar exists. Checksum valid.
Considering library net.neoforged:accesstransformers:11.0.2
File /tmp/a/libraries/net/neoforged/accesstransformers/11.0.2/accesstransformers-11.0.2.jar exists. Checksum valid.
Considering library org.ow2.asm:asm-commons:9.8
File /tmp/a/libraries/org/ow2/asm/asm-commons/9.8/asm-commons-9.8.jar exists. Checksum valid.
Considering library net.neoforged:mergetool:2.0.0:api
File /tmp/a/libraries/net/neoforged/mergetool/2.0.0/mergetool-2.0.0-api.jar exists. Checksum valid.
Considering library org.ow2.asm:asm-util:9.8
File /tmp/a/libraries/org/ow2/asm/asm-util/9.8/asm-util-9.8.jar exists. Checksum valid.
Considering library org.ow2.asm:asm-analysis:9.8
File /tmp/a/libraries/org/ow2/asm/asm-analysis/9.8/asm-analysis-9.8.jar exists. Checksum valid.
Considering library org.ow2.asm:asm-tree:9.8
File /tmp/a/libraries/org/ow2/asm/asm-tree/9.8/asm-tree-9.8.jar exists. Checksum valid.
Considering library net.neoforged:bus:8.0.5
File /tmp/a/libraries/net/neoforged/bus/8.0.5/bus-8.0.5.jar exists. Checksum valid.
Considering library org.ow2.asm:asm:9.8
File /tmp/a/libraries/org/ow2/asm/asm/9.8/asm-9.8.jar exists. Checksum valid.
Considering library com.electronwill.night-config:toml:3.8.3
File /tmp/a/libraries/com/electronwill/night-config/toml/3.8.3/toml-3.8.3.jar exists. Checksum valid.
Considering library com.electronwill.night-config:core:3.8.3
File /tmp/a/libraries/com/electronwill/night-config/core/3.8.3/core-3.8.3.jar exists. Checksum valid.
Considering library net.neoforged:JarJarSelector:0.4.1
File /tmp/a/libraries/net/neoforged/JarJarSelector/0.4.1/JarJarSelector-0.4.1.jar exists. Checksum valid.
Considering library net.neoforged:JarJarMetadata:0.4.1
File /tmp/a/libraries/net/neoforged/JarJarMetadata/0.4.1/JarJarMetadata-0.4.1.jar exists. Checksum valid.
Considering library org.apache.maven:maven-artifact:3.9.9
File /tmp/a/libraries/org/apache/maven/maven-artifact/3.9.9/maven-artifact-3.9.9.jar exists. Checksum valid.
Considering library net.jodah:typetools:0.6.3
File /tmp/a/libraries/net/jodah/typetools/0.6.3/typetools-0.6.3.jar exists. Checksum valid.
Considering library net.minecrell:terminalconsoleappender:1.3.0
File /tmp/a/libraries/net/minecrell/terminalconsoleappender/1.3.0/terminalconsoleappender-1.3.0.jar exists. Checksum valid.
Considering library net.fabricmc:sponge-mixin:0.15.2+mixin.0.8.7
File /tmp/a/libraries/net/fabricmc/sponge-mixin/0.15.2+mixin.0.8.7/sponge-mixin-0.15.2+mixin.0.8.7.jar exists. Checksum valid.
Considering library net.neoforged.fancymodloader:bootstraplauncher:9.0.16
File /tmp/a/libraries/net/neoforged/fancymodloader/bootstraplauncher/9.0.16/bootstraplauncher-9.0.16.jar exists. Checksum valid.
Considering library net.neoforged.fancymodloader:securejarhandler:9.0.16
File /tmp/a/libraries/net/neoforged/fancymodloader/securejarhandler/9.0.16/securejarhandler-9.0.16.jar exists. Checksum valid.
Considering library net.neoforged:JarJarFileSystems:0.4.1
File /tmp/a/libraries/net/neoforged/JarJarFileSystems/0.4.1/JarJarFileSystems-0.4.1.jar exists. Checksum valid.
Considering library net.sf.jopt-simple:jopt-simple:5.0.4
File /tmp/a/libraries/net/sf/jopt-simple/jopt-simple/5.0.4/jopt-simple-5.0.4.jar exists. Checksum valid.
Considering library net.neoforged.accesstransformers:at-parser:11.0.2
File /tmp/a/libraries/net/neoforged/accesstransformers/at-parser/11.0.2/at-parser-11.0.2.jar exists. Checksum valid.
Considering library org.slf4j:slf4j-api:2.0.16
File /tmp/a/libraries/org/slf4j/slf4j-api/2.0.16/slf4j-api-2.0.16.jar exists. Checksum valid.
Considering library com.mojang:logging:1.5.10
File /tmp/a/libraries/com/mojang/logging/1.5.10/logging-1.5.10.jar exists. Checksum valid.
Considering library org.apache.logging.log4j:log4j-slf4j2-impl:2.24.1
File /tmp/a/libraries/org/apache/logging/log4j/log4j-slf4j2-impl/2.24.1/log4j-slf4j2-impl-2.24.1.jar exists. Checksum valid.
Considering library org.apache.logging.log4j:log4j-core:2.24.1
File /tmp/a/libraries/org/apache/logging/log4j/log4j-core/2.24.1/log4j-core-2.24.1.jar exists. Checksum valid.
Considering library org.apache.logging.log4j:log4j-api:2.24.1
File /tmp/a/libraries/org/apache/logging/log4j/log4j-api/2.24.1/log4j-api-2.24.1.jar exists. Checksum valid.
Considering library org.jline:jline-reader:3.20.0
File /tmp/a/libraries/org/jline/jline-reader/3.20.0/jline-reader-3.20.0.jar exists. Checksum valid.
Considering library org.jline:jline-terminal:3.20.0
File /tmp/a/libraries/org/jline/jline-terminal/3.20.0/jline-terminal-3.20.0.jar exists. Checksum valid.
Considering library commons-io:commons-io:2.17.0
File /tmp/a/libraries/commons-io/commons-io/2.17.0/commons-io-2.17.0.jar exists. Checksum valid.
Considering library net.minecraftforge:srgutils:0.4.15
File /tmp/a/libraries/net/minecraftforge/srgutils/0.4.15/srgutils-0.4.15.jar exists. Checksum valid.
Considering library com.google.guava:guava:33.3.1-jre
File /tmp/a/libraries/com/google/guava/guava/33.3.1-jre/guava-33.3.1-jre.jar exists. Checksum valid.
Considering library com.google.guava:failureaccess:1.0.2
File /tmp/a/libraries/com/google/guava/failureaccess/1.0.2/failureaccess-1.0.2.jar exists. Checksum valid.
Considering library com.google.guava:listenablefuture:9999.0-empty-to-avoid-conflict-with-guava
File /tmp/a/libraries/com/google/guava/listenablefuture/9999.0-empty-to-avoid-conflict-with-guava/listenablefuture-9999.0-empty-to-avoid-conflict-with-guava.jar exists. Checksum valid.
Considering library com.google.code.findbugs:jsr305:3.0.2
File /tmp/a/libraries/com/google/code/findbugs/jsr305/3.0.2/jsr305-3.0.2.jar exists. Checksum valid.
Considering library org.checkerframework:checker-qual:3.43.0
File /tmp/a/libraries/org/checkerframework/checker-qual/3.43.0/checker-qual-3.43.0.jar exists. Checksum valid.
Considering library com.google.code.gson:gson:2.11.0
File /tmp/a/libraries/com/google/code/gson/gson/2.11.0/gson-2.11.0.jar exists. Checksum valid.
Considering library com.google.errorprone:error_prone_annotations:2.28.0
File /tmp/a/libraries/com/google/errorprone/error_prone_annotations/2.28.0/error_prone_annotations-2.28.0.jar exists. Checksum valid.
Considering library com.google.j2objc:j2objc-annotations:3.0.0
File /tmp/a/libraries/com/google/j2objc/j2objc-annotations/3.0.0/j2objc-annotations-3.0.0.jar exists. Checksum valid.
Considering library org.codehaus.plexus:plexus-utils:3.5.1
File /tmp/a/libraries/org/codehaus/plexus/plexus-utils/3.5.1/plexus-utils-3.5.1.jar exists. Checksum valid.
Considering library org.apache.commons:commons-lang3:3.17.0
File /tmp/a/libraries/org/apache/commons/commons-lang3/3.17.0/commons-lang3-3.17.0.jar exists. Checksum valid.
Considering library com.machinezoo.noexception:noexception:1.7.1
File /tmp/a/libraries/com/machinezoo/noexception/noexception/1.7.1/noexception-1.7.1.jar exists. Checksum valid.
Considering library net.neoforged.fancymodloader:earlydisplay:9.0.16
File /tmp/a/libraries/net/neoforged/fancymodloader/earlydisplay/9.0.16/earlydisplay-9.0.16.jar exists. Checksum valid.
Considering library net.neoforged.fancymodloader:loader:9.0.16
File /tmp/a/libraries/net/neoforged/fancymodloader/loader/9.0.16/loader-9.0.16.jar exists. Checksum valid.
Considering library net.neoforged:accesstransformers:11.0.2
File /tmp/a/libraries/net/neoforged/accesstransformers/11.0.2/accesstransformers-11.0.2.jar exists. Checksum valid.
Considering library org.ow2.asm:asm-commons:9.8
File /tmp/a/libraries/org/ow2/asm/asm-commons/9.8/asm-commons-9.8.jar exists. Checksum valid.
Considering library net.neoforged:mergetool:2.0.0:api
File /tmp/a/libraries/net/neoforged/mergetool/2.0.0/mergetool-2.0.0-api.jar exists. Checksum valid.
Considering library org.ow2.asm:asm-util:9.8
File /tmp/a/libraries/org/ow2/asm/asm-util/9.8/asm-util-9.8.jar exists. Checksum valid.
Considering library org.ow2.asm:asm-analysis:9.8
File /tmp/a/libraries/org/ow2/asm/asm-analysis/9.8/asm-analysis-9.8.jar exists. Checksum valid.
Considering library org.ow2.asm:asm-tree:9.8
File /tmp/a/libraries/org/ow2/asm/asm-tree/9.8/asm-tree-9.8.jar exists. Checksum valid.
Considering library net.neoforged:bus:8.0.5
File /tmp/a/libraries/net/neoforged/bus/8.0.5/bus-8.0.5.jar exists. Checksum valid.
Considering library org.ow2.asm:asm:9.8
File /tmp/a/libraries/org/ow2/asm/asm/9.8/asm-9.8.jar exists. Checksum valid.
Considering library com.electronwill.night-config:toml:3.8.3
File /tmp/a/libraries/com/electronwill/night-config/toml/3.8.3/toml-3.8.3.jar exists. Checksum valid.
Considering library com.electronwill.night-config:core:3.8.3
File /tmp/a/libraries/com/electronwill/night-config/core/3.8.3/core-3.8.3.jar exists. Checksum valid.
Considering library net.neoforged:JarJarSelector:0.4.1
File /tmp/a/libraries/net/neoforged/JarJarSelector/0.4.1/JarJarSelector-0.4.1.jar exists. Checksum valid.
Considering library net.neoforged:JarJarMetadata:0.4.1
File /tmp/a/libraries/net/neoforged/JarJarMetadata/0.4.1/JarJarMetadata-0.4.1.jar exists. Checksum valid.
Considering library org.apache.maven:maven-artifact:3.9.9
File /tmp/a/libraries/org/apache/maven/maven-artifact/3.9.9/maven-artifact-3.9.9.jar exists. Checksum valid.
Considering library net.jodah:typetools:0.6.3
File /tmp/a/libraries/net/jodah/typetools/0.6.3/typetools-0.6.3.jar exists. Checksum valid.
Considering library net.minecrell:terminalconsoleappender:1.3.0
File /tmp/a/libraries/net/minecrell/terminalconsoleappender/1.3.0/terminalconsoleappender-1.3.0.jar exists. Checksum valid.
Considering library net.fabricmc:sponge-mixin:0.15.2+mixin.0.8.7
File /tmp/a/libraries/net/fabricmc/sponge-mixin/0.15.2+mixin.0.8.7/sponge-mixin-0.15.2+mixin.0.8.7.jar exists. Checksum valid.
Considering library net.neoforged.fancymodloader:bootstraplauncher:9.0.16
File /tmp/a/libraries/net/neoforged/fancymodloader/bootstraplauncher/9.0.16/bootstraplauncher-9.0.16.jar exists. Checksum valid.
Considering library net.neoforged.fancymodloader:securejarhandler:9.0.16
File /tmp/a/libraries/net/neoforged/fancymodloader/securejarhandler/9.0.16/securejarhandler-9.0.16.jar exists. Checksum valid.
Considering library net.neoforged:JarJarFileSystems:0.4.1
File /tmp/a/libraries/net/neoforged/JarJarFileSystems/0.4.1/JarJarFileSystems-0.4.1.jar exists. Checksum valid.
Considering library net.sf.jopt-simple:jopt-simple:5.0.4
File /tmp/a/libraries/net/sf/jopt-simple/jopt-simple/5.0.4/jopt-simple-5.0.4.jar exists. Checksum valid.
Considering library net.neoforged.accesstransformers:at-parser:11.0.2
File /tmp/a/libraries/net/neoforged/accesstransformers/at-parser/11.0.2/at-parser-11.0.2.jar exists. Checksum valid.
Considering library org.slf4j:slf4j-api:2.0.16
File /tmp/a/libraries/org/slf4j/slf4j-api/2.0.16/slf4j-api-2.0.16.jar exists. Checksum valid.
Considering library com.mojang:logging:1.5.10
File /tmp/a/libraries/com/mojang/logging/1.5.10/logging-1.5.10.jar exists. Checksum valid.
Considering library org.apache.logging.log4j:log4j-slf4j2-impl:2.24.1
File /tmp/a/libraries/org/apache/logging/log4j/log4j-slf4j2-impl/2.24.1/log4j-slf4j2-impl-2.24.1.jar exists. Checksum valid.
Considering library org.apache.logging.log4j:log4j-core:2.24.1
File /tmp/a/libraries/org/apache/logging/log4j/log4j-core/2.24.1/log4j-core-2.24.1.jar exists. Checksum valid.
Considering library org.apache.logging.log4j:log4j-api:2.24.1
File /tmp/a/libraries/org/apache/logging/log4j/log4j-api/2.24.1/log4j-api-2.24.1.jar exists. Checksum valid.
Considering library org.jline:jline-reader:3.20.0
File /tmp/a/libraries/org/jline/jline-reader/3.20.0/jline-reader-3.20.0.jar exists. Checksum valid.
Considering library org.jline:jline-terminal:3.20.0
File /tmp/a/libraries/org/jline/jline-terminal/3.20.0/jline-terminal-3.20.0.jar exists. Checksum valid.
Considering library commons-io:commons-io:2.17.0
File /tmp/a/libraries/commons-io/commons-io/2.17.0/commons-io-2.17.0.jar exists. Checksum valid.
Considering library net.minecraftforge:srgutils:0.4.15
File /tmp/a/libraries/net/minecraftforge/srgutils/0.4.15/srgutils-0.4.15.jar exists. Checksum valid.
Considering library com.google.guava:guava:33.3.1-jre
File /tmp/a/libraries/com/google/guava/guava/33.3.1-jre/guava-33.3.1-jre.jar exists. Checksum valid.
Considering library com.google.guava:failureaccess:1.0.2
File /tmp/a/libraries/com/google/guava/failureaccess/1.0.2/failureaccess-1.0.2.jar exists. Checksum valid.
Considering library com.google.guava:listenablefuture:9999.0-empty-to-avoid-conflict-with-guava
File /tmp/a/libraries/com/google/guava/listenablefuture/9999.0-empty-to-avoid-conflict-with-guava/listenablefuture-9999.0-empty-to-avoid-conflict-with-guava.jar exists. Checksum valid.
Considering library com.google.code.findbugs:jsr305:3.0.2
File /tmp/a/libraries/com/google/code/findbugs/jsr305/3.0.2/jsr305-3.0.2.jar exists. Checksum valid.
Considering library org.checkerframework:checker-qual:3.43.0
File /tmp/a/libraries/org/checkerframework/checker-qual/3.43.0/checker-qual-3.43.0.jar exists. Checksum valid.
Considering library com.google.code.gson:gson:2.11.0
File /tmp/a/libraries/com/google/code/gson/gson/2.11.0/gson-2.11.0.jar exists. Checksum valid.
Considering library com.google.errorprone:error_prone_annotations:2.28.0
File /tmp/a/libraries/com/google/errorprone/error_prone_annotations/2.28.0/error_prone_annotations-2.28.0.jar exists. Checksum valid.
Considering library com.google.j2objc:j2objc-annotations:3.0.0
File /tmp/a/libraries/com/google/j2objc/j2objc-annotations/3.0.0/j2objc-annotations-3.0.0.jar exists. Checksum valid.
Considering library org.codehaus.plexus:plexus-utils:3.5.1
File /tmp/a/libraries/org/codehaus/plexus/plexus-utils/3.5.1/plexus-utils-3.5.1.jar exists. Checksum valid.
Considering library org.apache.commons:commons-lang3:3.17.0
File /tmp/a/libraries/org/apache/commons/commons-lang3/3.17.0/commons-lang3-3.17.0.jar exists. Checksum valid.
Considering library com.machinezoo.noexception:noexception:1.7.1
File /tmp/a/libraries/com/machinezoo/noexception/noexception/1.7.1/noexception-1.7.1.jar exists. Checksum valid.
Considering library net.neoforged:neoform:1.21.8-20250717.133445@zip
File /tmp/a/libraries/net/neoforged/neoform/1.21.8-20250717.133445/neoform-1.21.8-20250717.133445.zip exists. Checksum valid.
Considering library net.neoforged.installertools:binarypatcher:3.0.13:fatjar
File /tmp/a/libraries/net/neoforged/installertools/binarypatcher/3.0.13/binarypatcher-3.0.13-fatjar.jar exists. Checksum valid.
Considering library net.neoforged:AutoRenamingTool:2.0.11:all
File /tmp/a/libraries/net/neoforged/AutoRenamingTool/2.0.11/AutoRenamingTool-2.0.11-all.jar exists. Checksum valid.
Considering library net.neoforged.installertools:installertools:3.0.13
File /tmp/a/libraries/net/neoforged/installertools/installertools/3.0.13/installertools-3.0.13.jar exists. Checksum valid.
Considering library net.neoforged:srgutils:1.0.0
File /tmp/a/libraries/net/neoforged/srgutils/1.0.0/srgutils-1.0.0.jar exists. Checksum valid.
Considering library com.google.code.gson:gson:2.8.9
File /tmp/a/libraries/com/google/code/gson/gson/2.8.9/gson-2.8.9.jar exists. Checksum valid.
Considering library de.siegmar:fastcsv:2.0.0
File /tmp/a/libraries/de/siegmar/fastcsv/2.0.0/fastcsv-2.0.0.jar exists. Checksum valid.
Considering library org.ow2.asm:asm-commons:9.7
File /tmp/a/libraries/org/ow2/asm/asm-commons/9.7/asm-commons-9.7.jar exists. Checksum valid.
Considering library net.neoforged.installertools:cli-utils:3.0.13
File /tmp/a/libraries/net/neoforged/installertools/cli-utils/3.0.13/cli-utils-3.0.13.jar exists. Checksum valid.
Considering library org.ow2.asm:asm-tree:9.7
File /tmp/a/libraries/org/ow2/asm/asm-tree/9.7/asm-tree-9.7.jar exists. Checksum valid.
Considering library org.ow2.asm:asm:9.7
File /tmp/a/libraries/org/ow2/asm/asm/9.7/asm-9.7.jar exists. Checksum valid.
Considering library net.neoforged.installertools:jarsplitter:3.0.13
File /tmp/a/libraries/net/neoforged/installertools/jarsplitter/3.0.13/jarsplitter-3.0.13.jar exists. Checksum valid.
Considering library net.neoforged:neoforge:21.8.34:universal
Downloading library from https://maven.neoforged.net/releases/net/neoforged/neoforge/21.8.34/neoforge-21.8.34-universal.jar
	Download completed: Checksum validated.
Created Temporary Directory: /tmp/neoforge_installer15550920252544641612
  Extracting: /data/server.lzma
Building Processors
===============================================================================
Processor: net.neoforged.installertools:installertools -> EXTRACT_FILES
  MainClass: net.neoforged.installertools.ConsoleTool
  Classpath:
    /tmp/a/libraries/net/neoforged/installertools/installertools/3.0.13/installertools-3.0.13.jar
    /tmp/a/libraries/net/neoforged/installertools/installertools/3.0.13/installertools-3.0.13.jar
    /tmp/a/libraries/net/neoforged/srgutils/1.0.0/srgutils-1.0.0.jar
    /tmp/a/libraries/net/sf/jopt-simple/jopt-simple/5.0.4/jopt-simple-5.0.4.jar
    /tmp/a/libraries/com/google/code/gson/gson/2.8.9/gson-2.8.9.jar
    /tmp/a/libraries/de/siegmar/fastcsv/2.0.0/fastcsv-2.0.0.jar
    /tmp/a/libraries/org/ow2/asm/asm-commons/9.7/asm-commons-9.7.jar
    /tmp/a/libraries/net/neoforged/installertools/cli-utils/3.0.13/cli-utils-3.0.13.jar
    /tmp/a/libraries/org/ow2/asm/asm-tree/9.7/asm-tree-9.7.jar
    /tmp/a/libraries/org/ow2/asm/asm/9.7/asm-9.7.jar
  Args: --task, EXTRACT_FILES, --archive, /tmp/a/installer.jar, --from, data/run.sh, --to, /tmp/a/run.sh, --exec, /tmp/a/run.sh, --from, data/run.bat, --to, /tmp/a/run.bat, --from, data/user_jvm_args.txt, --to, /tmp/a/user_jvm_args.txt, --optional, /tmp/a/user_jvm_args.txt, --from, data/win_args.txt, --to, /tmp/a/libraries/net/neoforged/neoforge/21.8.34/win_args.txt, --from, data/unix_args.txt, --to, /tmp/a/libraries/net/neoforged/neoforge/21.8.34/unix_args.txt
Task: EXTRACT_FILES
Archive: /tmp/a/installer.jar
Extract: data/run.sh
         /tmp/a/run.sh
Extract: data/run.bat
         /tmp/a/run.bat
Extract: data/user_jvm_args.txt
         /tmp/a/user_jvm_args.txt
Extract: data/win_args.txt
         /tmp/a/libraries/net/neoforged/neoforge/21.8.34/win_args.txt
Extract: data/unix_args.txt
         /tmp/a/libraries/net/neoforged/neoforge/21.8.34/unix_args.txt
Exec:    /tmp/a/run.sh
===============================================================================
Processor: net.neoforged.installertools:installertools -> BUNDLER_EXTRACT
  MainClass: net.neoforged.installertools.ConsoleTool
  Classpath:
    /tmp/a/libraries/net/neoforged/installertools/installertools/3.0.13/installertools-3.0.13.jar
    /tmp/a/libraries/net/neoforged/installertools/installertools/3.0.13/installertools-3.0.13.jar
    /tmp/a/libraries/net/neoforged/srgutils/1.0.0/srgutils-1.0.0.jar
    /tmp/a/libraries/net/sf/jopt-simple/jopt-simple/5.0.4/jopt-simple-5.0.4.jar
    /tmp/a/libraries/com/google/code/gson/gson/2.8.9/gson-2.8.9.jar
    /tmp/a/libraries/de/siegmar/fastcsv/2.0.0/fastcsv-2.0.0.jar
    /tmp/a/libraries/org/ow2/asm/asm-commons/9.7/asm-commons-9.7.jar
    /tmp/a/libraries/net/neoforged/installertools/cli-utils/3.0.13/cli-utils-3.0.13.jar
    /tmp/a/libraries/org/ow2/asm/asm-tree/9.7/asm-tree-9.7.jar
    /tmp/a/libraries/org/ow2/asm/asm/9.7/asm-9.7.jar
  Args: --task, BUNDLER_EXTRACT, --input, /tmp/a/libraries/net/minecraft/server/1.21.8/server-1.21.8.jar, --output, /tmp/a/libraries/, --libraries
Task: BUNDLER_EXTRACT
Input:   /tmp/a/libraries/net/minecraft/server/1.21.8/server-1.21.8.jar
Output:  /tmp/a/libraries
All:     false
JarOnly: false
Libs:    true
File already exists, and hash verified
File already exists, and hash verified
File already exists, and hash verified
File already exists, and hash verified
File already exists, and hash verified
File already exists, and hash verified
File already exists, and hash verified
File already exists, and hash verified
File already exists, and hash verified
File already exists, and hash verified
File already exists, and hash verified
File already exists, and hash verified
File already exists, and hash verified
File already exists, and hash verified
File already exists, and hash verified
File already exists, and hash verified
File already exists, and hash verified
File already exists, and hash verified
File already exists, and hash verified
File already exists, and hash verified
File already exists, and hash verified
File already exists, and hash verified
File already exists, and hash verified
File already exists, and hash verified
File already exists, and hash verified
File already exists, and hash verified
File already exists, and hash verified
File already exists, and hash verified
File already exists, and hash verified
File already exists, and hash verified
File already exists, and hash verified
File already exists, and hash verified
File already exists, and hash verified
File already exists, and hash verified
File already exists, and hash verified
File already exists, and hash verified
File already exists, and hash verified
File already exists, and hash verified
File already exists, and hash verified
File already exists, and hash verified
File already exists, and hash verified
File already exists, and hash verified
File already exists, and hash verified
===============================================================================
Processor: net.neoforged.installertools:installertools -> BUNDLER_EXTRACT
  MainClass: net.neoforged.installertools.ConsoleTool
  Classpath:
    /tmp/a/libraries/net/neoforged/installertools/installertools/3.0.13/installertools-3.0.13.jar
    /tmp/a/libraries/net/neoforged/installertools/installertools/3.0.13/installertools-3.0.13.jar
    /tmp/a/libraries/net/neoforged/srgutils/1.0.0/srgutils-1.0.0.jar
    /tmp/a/libraries/net/sf/jopt-simple/jopt-simple/5.0.4/jopt-simple-5.0.4.jar
    /tmp/a/libraries/com/google/code/gson/gson/2.8.9/gson-2.8.9.jar
    /tmp/a/libraries/de/siegmar/fastcsv/2.0.0/fastcsv-2.0.0.jar
    /tmp/a/libraries/org/ow2/asm/asm-commons/9.7/asm-commons-9.7.jar
    /tmp/a/libraries/net/neoforged/installertools/cli-utils/3.0.13/cli-utils-3.0.13.jar
    /tmp/a/libraries/org/ow2/asm/asm-tree/9.7/asm-tree-9.7.jar
    /tmp/a/libraries/org/ow2/asm/asm/9.7/asm-9.7.jar
  Args: --task, BUNDLER_EXTRACT, --input, /tmp/a/libraries/net/minecraft/server/1.21.8/server-1.21.8.jar, --output, /tmp/a/libraries/net/minecraft/server/1.21.8-20250717.133445/server-1.21.8-20250717.133445-unpacked.jar, --jar-only
Task: BUNDLER_EXTRACT
Input:   /tmp/a/libraries/net/minecraft/server/1.21.8/server-1.21.8.jar
Output:  /tmp/a/libraries/net/minecraft/server/1.21.8-20250717.133445/server-1.21.8-20250717.133445-unpacked.jar
All:     false
JarOnly: true
Libs:    false
File already exists, and hash verified
===============================================================================
Processor: net.neoforged.installertools:installertools -> MCP_DATA
  MainClass: net.neoforged.installertools.ConsoleTool
  Classpath:
    /tmp/a/libraries/net/neoforged/installertools/installertools/3.0.13/installertools-3.0.13.jar
    /tmp/a/libraries/net/neoforged/installertools/installertools/3.0.13/installertools-3.0.13.jar
    /tmp/a/libraries/net/neoforged/srgutils/1.0.0/srgutils-1.0.0.jar
    /tmp/a/libraries/net/sf/jopt-simple/jopt-simple/5.0.4/jopt-simple-5.0.4.jar
    /tmp/a/libraries/com/google/code/gson/gson/2.8.9/gson-2.8.9.jar
    /tmp/a/libraries/de/siegmar/fastcsv/2.0.0/fastcsv-2.0.0.jar
    /tmp/a/libraries/org/ow2/asm/asm-commons/9.7/asm-commons-9.7.jar
    /tmp/a/libraries/net/neoforged/installertools/cli-utils/3.0.13/cli-utils-3.0.13.jar
    /tmp/a/libraries/org/ow2/asm/asm-tree/9.7/asm-tree-9.7.jar
    /tmp/a/libraries/org/ow2/asm/asm/9.7/asm-9.7.jar
  Args: --task, MCP_DATA, --input, /tmp/a/libraries/net/neoforged/neoform/1.21.8-20250717.133445/neoform-1.21.8-20250717.133445.zip, --output, /tmp/a/libraries/net/neoforged/neoform/1.21.8-20250717.133445/neoform-1.21.8-20250717.133445-mappings.txt, --key, mappings
Task: MCP_DATA
Input:  /tmp/a/libraries/net/neoforged/neoform/1.21.8-20250717.133445/neoform-1.21.8-20250717.133445.zip
Output: /tmp/a/libraries/net/neoforged/neoform/1.21.8-20250717.133445/neoform-1.21.8-20250717.133445-mappings.txt
Key:    mappings
Extracting: config/joined.tsrg
===============================================================================
Processor: net.neoforged.installertools:installertools -> DOWNLOAD_MOJMAPS
  MainClass: net.neoforged.installertools.ConsoleTool
  Classpath:
    /tmp/a/libraries/net/neoforged/installertools/installertools/3.0.13/installertools-3.0.13.jar
    /tmp/a/libraries/net/neoforged/installertools/installertools/3.0.13/installertools-3.0.13.jar
    /tmp/a/libraries/net/neoforged/srgutils/1.0.0/srgutils-1.0.0.jar
    /tmp/a/libraries/net/sf/jopt-simple/jopt-simple/5.0.4/jopt-simple-5.0.4.jar
    /tmp/a/libraries/com/google/code/gson/gson/2.8.9/gson-2.8.9.jar
    /tmp/a/libraries/de/siegmar/fastcsv/2.0.0/fastcsv-2.0.0.jar
    /tmp/a/libraries/org/ow2/asm/asm-commons/9.7/asm-commons-9.7.jar
    /tmp/a/libraries/net/neoforged/installertools/cli-utils/3.0.13/cli-utils-3.0.13.jar
    /tmp/a/libraries/org/ow2/asm/asm-tree/9.7/asm-tree-9.7.jar
    /tmp/a/libraries/org/ow2/asm/asm/9.7/asm-9.7.jar
  Args: --task, DOWNLOAD_MOJMAPS, --version, 1.21.8, --side, server, --output, /tmp/a/libraries/net/minecraft/server/1.21.8-20250717.133445/server-1.21.8-20250717.133445-mappings.txt
Task: DOWNLOAD_MOJMAPS
MC Version: 1.21.8
Side:       server
Output:     /tmp/a/libraries/net/minecraft/server/1.21.8-20250717.133445/server-1.21.8-20250717.133445-mappings.txt
Downloaded Mojang mappings for 1.21.8
===============================================================================
Processor: net.neoforged.installertools:installertools -> MERGE_MAPPING
  MainClass: net.neoforged.installertools.ConsoleTool
  Classpath:
    /tmp/a/libraries/net/neoforged/installertools/installertools/3.0.13/installertools-3.0.13.jar
    /tmp/a/libraries/net/neoforged/installertools/installertools/3.0.13/installertools-3.0.13.jar
    /tmp/a/libraries/net/neoforged/srgutils/1.0.0/srgutils-1.0.0.jar
    /tmp/a/libraries/net/sf/jopt-simple/jopt-simple/5.0.4/jopt-simple-5.0.4.jar
    /tmp/a/libraries/com/google/code/gson/gson/2.8.9/gson-2.8.9.jar
    /tmp/a/libraries/de/siegmar/fastcsv/2.0.0/fastcsv-2.0.0.jar
    /tmp/a/libraries/org/ow2/asm/asm-commons/9.7/asm-commons-9.7.jar
    /tmp/a/libraries/net/neoforged/installertools/cli-utils/3.0.13/cli-utils-3.0.13.jar
    /tmp/a/libraries/org/ow2/asm/asm-tree/9.7/asm-tree-9.7.jar
    /tmp/a/libraries/org/ow2/asm/asm/9.7/asm-9.7.jar
  Args: --task, MERGE_MAPPING, --merge, /tmp/a/libraries/net/neoforged/neoform/1.21.8-20250717.133445/neoform-1.21.8-20250717.133445-mappings.txt, --base, /tmp/a/libraries/net/minecraft/server/1.21.8-20250717.133445/server-1.21.8-20250717.133445-mappings.txt, --output, /tmp/a/libraries/net/neoforged/neoform/1.21.8-20250717.133445/neoform-1.21.8-20250717.133445-mappings-merged.txt, --reverse-base
Task: MERGE_MAPPING
Base Mappings: /tmp/a/libraries/net/minecraft/server/1.21.8-20250717.133445/server-1.21.8-20250717.133445-mappings.txt
Reverse Base Mappings: true
Merge Mappings: /tmp/a/libraries/net/neoforged/neoform/1.21.8-20250717.133445/neoform-1.21.8-20250717.133445-mappings.txt
Reverse Merge Mappings: false
Output: /tmp/a/libraries/net/neoforged/neoform/1.21.8-20250717.133445/neoform-1.21.8-20250717.133445-mappings-merged.txt
Reverse Output: false
===============================================================================
Processor: net.neoforged.installertools:jarsplitter
  MainClass: net.neoforged.jarsplitter.ConsoleTool
  Classpath:
    /tmp/a/libraries/net/neoforged/installertools/jarsplitter/3.0.13/jarsplitter-3.0.13.jar
    /tmp/a/libraries/net/neoforged/installertools/jarsplitter/3.0.13/jarsplitter-3.0.13.jar
    /tmp/a/libraries/net/sf/jopt-simple/jopt-simple/5.0.4/jopt-simple-5.0.4.jar
    /tmp/a/libraries/net/neoforged/srgutils/1.0.0/srgutils-1.0.0.jar
    /tmp/a/libraries/net/neoforged/installertools/cli-utils/3.0.13/cli-utils-3.0.13.jar
  Args: --input, /tmp/a/libraries/net/minecraft/server/1.21.8-20250717.133445/server-1.21.8-20250717.133445-unpacked.jar, --slim, /tmp/a/libraries/net/minecraft/server/1.21.8-20250717.133445/server-1.21.8-20250717.133445-slim.jar, --extra, /tmp/a/libraries/net/minecraft/server/1.21.8-20250717.133445/server-1.21.8-20250717.133445-extra.jar, --srg, /tmp/a/libraries/net/neoforged/neoform/1.21.8-20250717.133445/neoform-1.21.8-20250717.133445-mappings-merged.txt
Splitter: 
  Input:    /tmp/a/libraries/net/minecraft/server/1.21.8-20250717.133445/server-1.21.8-20250717.133445-unpacked.jar
  Slim:     /tmp/a/libraries/net/minecraft/server/1.21.8-20250717.133445/server-1.21.8-20250717.133445-slim.jar
  Data:     null
  Extra:    /tmp/a/libraries/net/minecraft/server/1.21.8-20250717.133445/server-1.21.8-20250717.133445-extra.jar
  Including data in extra
  SRG:   /tmp/a/libraries/net/neoforged/neoform/1.21.8-20250717.133445/neoform-1.21.8-20250717.133445-mappings-merged.txt
  InputSha: 85cba595f2d9c523315a53fa7bffbde26a047758
  SrgSha:   f624dcd54810ab98cae78ecbd88a4290aeb37952
  Slim Cache Hit
  Extra Cache Miss
Splitting 14044 files:
===============================================================================
Processor: net.neoforged:AutoRenamingTool
  MainClass: net.neoforged.art.Main
  Classpath:
    /tmp/a/libraries/net/neoforged/AutoRenamingTool/2.0.11/AutoRenamingTool-2.0.11-all.jar
    /tmp/a/libraries/net/neoforged/AutoRenamingTool/2.0.11/AutoRenamingTool-2.0.11-all.jar
  Args: --input, /tmp/a/libraries/net/minecraft/server/1.21.8-20250717.133445/server-1.21.8-20250717.133445-slim.jar, --output, /tmp/a/libraries/net/minecraft/server/1.21.8-20250717.133445/server-1.21.8-20250717.133445-srg.jar, --names, /tmp/a/libraries/net/neoforged/neoform/1.21.8-20250717.133445/neoform-1.21.8-20250717.133445-mappings-merged.txt, --ann-fix, --ids-fix, --src-fix, --record-fix
Forge Auto Renaming Tool v2.0.11
log: null
input: /tmp/a/libraries/net/minecraft/server/1.21.8-20250717.133445/server-1.21.8-20250717.133445-slim.jar
output: /tmp/a/libraries/net/minecraft/server/1.21.8-20250717.133445/server-1.21.8-20250717.133445-srg.jar
threads: 12
Names: /tmp/a/libraries/net/neoforged/neoform/1.21.8-20250717.133445/neoform-1.21.8-20250717.133445-mappings-merged.txt(reversed: false)
Fix Annotations: true
Unfinal Parameters: false
Fix Records: true
Fix Identifiers: ALL
Fix SourceFile: JAVA
Fix Line Numbers: false
Strip codesigning signatures: false
Adding Libraries to Inheritance
Reading Input: /tmp/a/libraries/net/minecraft/server/1.21.8-20250717.133445/server-1.21.8-20250717.133445-slim.jar
Processor: net.neoforged:AutoRenamingTool: Reading input jar
Processor: net.neoforged:AutoRenamingTool: Processing entries
Adding input to inheritance map
Processing 6728 entries
Adding extras
Sorting
Processor: net.neoforged:AutoRenamingTool: Writing output
Writing 6729 to output /tmp/a/libraries/net/minecraft/server/1.21.8-20250717.133445/server-1.21.8-20250717.133445-srg.jar
===============================================================================
Processor: net.neoforged.installertools:binarypatcher
  MainClass: net.neoforged.binarypatcher.ConsoleTool
  Classpath:
    /tmp/a/libraries/net/neoforged/installertools/binarypatcher/3.0.13/binarypatcher-3.0.13-fatjar.jar
    /tmp/a/libraries/net/neoforged/installertools/binarypatcher/3.0.13/binarypatcher-3.0.13-fatjar.jar
  Args: --clean, /tmp/a/libraries/net/minecraft/server/1.21.8-20250717.133445/server-1.21.8-20250717.133445-srg.jar, --output, /tmp/a/libraries/net/neoforged/neoforge/21.8.34/neoforge-21.8.34-server.jar, --apply, /tmp/neoforge_installer15550920252544641612/data/server.lzma
Applying: 
  Clean:     /tmp/a/libraries/net/minecraft/server/1.21.8-20250717.133445/server-1.21.8-20250717.133445-srg.jar
  Output:    /tmp/a/libraries/net/neoforged/neoforge/21.8.34/neoforge-21.8.34-server.jar
  KeepData:  false
  Unpatched: false
  Pack200:   false
  Legacy:    false
Loading patches file: /tmp/neoforge_installer15550920252544641612/data/server.lzma
Processor: net.neoforged.installertools:binarypatcher: Loading patch files
Processor: net.neoforged.installertools:binarypatcher: Patching input
Processor: net.neoforged.installertools:binarypatcher: Adding new files
The server installed successfully
You can delete this installer file now if you wish
